2021-11-30 14:27:16,627 [restartedMain] INFO  com.rangga.perusahaan.SistemInformasiPerusahaanApplication - Starting SistemInformasiPerusahaanApplication using Java 16.0.2 on DESKTOP-UHBH6VD with PID 16352 (G:\ALL FOR WEB\Github\SpringbootGit\SistemInformasiPerusahaan\target\classes started by rangga in G:\ALL FOR WEB\Github\SpringbootGit\SistemInformasiPerusahaan)
2021-11-30 14:27:17,187 [restartedMain] INFO  com.rangga.perusahaan.SistemInformasiPerusahaanApplication - No active profile set, falling back to default profiles: default
2021-11-30 14:27:17,284 [restartedMain] INFO  org.springframework.boot.devtools.env.DevToolsPropertyDefaultsPostProcessor - Devtools property defaults active! Set 'spring.devtools.add-properties' to 'false' to disable
2021-11-30 14:27:17,285 [restartedMain] INFO  org.springframework.boot.devtools.env.DevToolsPropertyDefaultsPostProcessor - For additional web related logging consider setting the 'logging.level.web' property to 'DEBUG'
2021-11-30 14:27:18,445 [restartedMain] INFO  org.springframework.data.repository.config.RepositoryConfigurationDelegate - Bootstrapping Spring Data JPA repositories in DEFAULT mode.
2021-11-30 14:27:18,513 [restartedMain] INFO  org.springframework.data.repository.config.RepositoryConfigurationDelegate - Finished Spring Data repository scanning in 54 ms. Found 1 JPA repository interfaces.
2021-11-30 14:27:19,505 [restartedMain] INFO  org.springframework.boot.web.embedded.tomcat.TomcatWebServer - Tomcat initialized with port(s): 8080 (http)
2021-11-30 14:27:19,528 [restartedMain] INFO  org.apache.coyote.http11.Http11NioProtocol - Initializing ProtocolHandler ["http-nio-8080"]
2021-11-30 14:27:19,529 [restartedMain] INFO  org.apache.catalina.core.StandardService - Starting service [Tomcat]
2021-11-30 14:27:19,530 [restartedMain] INFO  org.apache.catalina.core.StandardEngine - Starting Servlet engine: [Apache Tomcat/9.0.55]
2021-11-30 14:27:19,699 [restartedMain] INFO  org.apache.catalina.core.ContainerBase.[Tomcat].[localhost].[/] - Initializing Spring embedded WebApplicationContext
2021-11-30 14:27:19,700 [restartedMain] INFO  org.springframework.boot.web.servlet.context.ServletWebServerApplicationContext - Root WebApplicationContext: initialization completed in 2414 ms
2021-11-30 14:27:19,974 [restartedMain] INFO  org.hibernate.jpa.internal.util.LogHelper - HHH000204: Processing PersistenceUnitInfo [name: default]
2021-11-30 14:27:20,046 [restartedMain] INFO  org.hibernate.Version - HHH000412: Hibernate ORM core version 5.6.1.Final
2021-11-30 14:27:20,328 [restartedMain] INFO  org.hibernate.annotations.common.Version - HCANN000001: Hibernate Commons Annotations {5.1.2.Final}
2021-11-30 14:27:20,519 [restartedMain] INFO  com.zaxxer.hikari.HikariDataSource - HikariPool-1 - Starting...
2021-11-30 14:27:20,539 [restartedMain] INFO  com.zaxxer.hikari.HikariDataSource - HikariPool-1 - Start completed.
2021-11-30 14:27:20,561 [restartedMain] INFO  org.hibernate.dialect.Dialect - HHH000400: Using dialect: org.hibernate.dialect.MySQL5InnoDBDialect
2021-11-30 14:27:21,304 [restartedMain] INFO  org.hibernate.engine.transaction.jta.platform.internal.JtaPlatformInitiator - HHH000490: Using JtaPlatform implementation: [org.hibernate.engine.transaction.jta.platform.internal.NoJtaPlatform]
2021-11-30 14:27:21,316 [restartedMain] INFO  org.springframework.orm.jpa.LocalContainerEntityManagerFactoryBean - Initialized JPA EntityManagerFactory for persistence unit 'default'
2021-11-30 14:27:21,879 [restartedMain] WARN  org.springframework.boot.autoconfigure.orm.jpa.JpaBaseConfiguration$JpaWebConfiguration - spring.jpa.open-in-view is enabled by default. Therefore, database queries may be performed during view rendering. Explicitly configure spring.jpa.open-in-view to disable this warning
2021-11-30 14:27:22,249 [restartedMain] WARN  org.springframework.boot.autoconfigure.thymeleaf.ThymeleafAutoConfiguration$DefaultTemplateResolverConfiguration - Cannot find template location: classpath:/templates/ (please add some templates or check your Thymeleaf configuration)
2021-11-30 14:27:22,435 [restartedMain] INFO  org.springframework.boot.devtools.autoconfigure.OptionalLiveReloadServer - LiveReload server is running on port 35729
2021-11-30 14:27:22,483 [restartedMain] INFO  org.apache.coyote.http11.Http11NioProtocol - Starting ProtocolHandler ["http-nio-8080"]
2021-11-30 14:27:22,589 [restartedMain] INFO  org.springframework.boot.web.embedded.tomcat.TomcatWebServer - Tomcat started on port(s): 8080 (http) with context path ''
2021-11-30 14:27:22,600 [restartedMain] INFO  com.rangga.perusahaan.SistemInformasiPerusahaanApplication - Started SistemInformasiPerusahaanApplication in 6.708 seconds (JVM running for 9.465)
2021-11-30 14:29:51,703 [Thread-5] INFO  org.springframework.orm.jpa.LocalContainerEntityManagerFactoryBean - Closing JPA EntityManagerFactory for persistence unit 'default'
2021-11-30 14:29:51,707 [Thread-5] INFO  com.zaxxer.hikari.HikariDataSource - HikariPool-1 - Shutdown initiated...
2021-11-30 14:29:51,711 [Thread-5] INFO  com.zaxxer.hikari.HikariDataSource - HikariPool-1 - Shutdown completed.
2021-11-30 14:29:51,867 [restartedMain] INFO  com.rangga.perusahaan.SistemInformasiPerusahaanApplication - Starting SistemInformasiPerusahaanApplication using Java 16.0.2 on DESKTOP-UHBH6VD with PID 16352 (G:\ALL FOR WEB\Github\SpringbootGit\SistemInformasiPerusahaan\target\classes started by rangga in G:\ALL FOR WEB\Github\SpringbootGit\SistemInformasiPerusahaan)
2021-11-30 14:29:51,895 [restartedMain] INFO  com.rangga.perusahaan.SistemInformasiPerusahaanApplication - No active profile set, falling back to default profiles: default
2021-11-30 14:29:52,164 [restartedMain] INFO  org.springframework.data.repository.config.RepositoryConfigurationDelegate - Bootstrapping Spring Data JPA repositories in DEFAULT mode.
2021-11-30 14:29:52,172 [restartedMain] INFO  org.springframework.data.repository.config.RepositoryConfigurationDelegate - Finished Spring Data repository scanning in 7 ms. Found 1 JPA repository interfaces.
2021-11-30 14:29:52,285 [restartedMain] INFO  org.springframework.boot.web.embedded.tomcat.TomcatWebServer - Tomcat initialized with port(s): 8080 (http)
2021-11-30 14:29:52,285 [restartedMain] INFO  org.apache.coyote.http11.Http11NioProtocol - Initializing ProtocolHandler ["http-nio-8080"]
2021-11-30 14:29:52,286 [restartedMain] INFO  org.apache.catalina.core.StandardService - Starting service [Tomcat]
2021-11-30 14:29:52,286 [restartedMain] INFO  org.apache.catalina.core.StandardEngine - Starting Servlet engine: [Apache Tomcat/9.0.55]
2021-11-30 14:29:52,315 [restartedMain] INFO  org.apache.catalina.core.ContainerBase.[Tomcat].[localhost].[/] - Initializing Spring embedded WebApplicationContext
2021-11-30 14:29:52,315 [restartedMain] INFO  org.springframework.boot.web.servlet.context.ServletWebServerApplicationContext - Root WebApplicationContext: initialization completed in 404 ms
2021-11-30 14:29:52,361 [restartedMain] INFO  org.hibernate.jpa.internal.util.LogHelper - HHH000204: Processing PersistenceUnitInfo [name: default]
2021-11-30 14:29:52,366 [restartedMain] INFO  com.zaxxer.hikari.HikariDataSource - HikariPool-2 - Starting...
2021-11-30 14:29:52,370 [restartedMain] INFO  com.zaxxer.hikari.HikariDataSource - HikariPool-2 - Start completed.
2021-11-30 14:29:52,371 [restartedMain] INFO  org.hibernate.dialect.Dialect - HHH000400: Using dialect: org.hibernate.dialect.MySQL5InnoDBDialect
2021-11-30 14:29:52,396 [restartedMain] INFO  org.hibernate.engine.transaction.jta.platform.internal.JtaPlatformInitiator - HHH000490: Using JtaPlatform implementation: [org.hibernate.engine.transaction.jta.platform.internal.NoJtaPlatform]
2021-11-30 14:29:52,397 [restartedMain] INFO  org.springframework.orm.jpa.LocalContainerEntityManagerFactoryBean - Initialized JPA EntityManagerFactory for persistence unit 'default'
2021-11-30 14:29:52,491 [restartedMain] WARN  org.springframework.boot.autoconfigure.orm.jpa.JpaBaseConfiguration$JpaWebConfiguration - spring.jpa.open-in-view is enabled by default. Therefore, database queries may be performed during view rendering. Explicitly configure spring.jpa.open-in-view to disable this warning
2021-11-30 14:29:52,576 [restartedMain] WARN  org.springframework.boot.autoconfigure.thymeleaf.ThymeleafAutoConfiguration$DefaultTemplateResolverConfiguration - Cannot find template location: classpath:/templates/ (please add some templates or check your Thymeleaf configuration)
2021-11-30 14:29:52,618 [restartedMain] INFO  org.springframework.boot.devtools.autoconfigure.OptionalLiveReloadServer - LiveReload server is running on port 35729
2021-11-30 14:29:52,629 [restartedMain] INFO  org.apache.coyote.http11.Http11NioProtocol - Starting ProtocolHandler ["http-nio-8080"]
2021-11-30 14:29:52,633 [restartedMain] INFO  org.springframework.boot.web.embedded.tomcat.TomcatWebServer - Tomcat started on port(s): 8080 (http) with context path ''
2021-11-30 14:29:52,649 [restartedMain] INFO  com.rangga.perusahaan.SistemInformasiPerusahaanApplication - Started SistemInformasiPerusahaanApplication in 0.88 seconds (JVM running for 159.513)
2021-11-30 14:29:52,667 [restartedMain] INFO  org.springframework.boot.devtools.autoconfigure.ConditionEvaluationDeltaLoggingListener - Condition evaluation unchanged
2021-11-30 14:29:58,118 [Thread-7] INFO  org.springframework.orm.jpa.LocalContainerEntityManagerFactoryBean - Closing JPA EntityManagerFactory for persistence unit 'default'
2021-11-30 14:29:58,119 [Thread-7] INFO  com.zaxxer.hikari.HikariDataSource - HikariPool-2 - Shutdown initiated...
2021-11-30 14:29:58,122 [Thread-7] INFO  com.zaxxer.hikari.HikariDataSource - HikariPool-2 - Shutdown completed.
2021-11-30 14:29:58,266 [restartedMain] INFO  com.rangga.perusahaan.SistemInformasiPerusahaanApplication - Starting SistemInformasiPerusahaanApplication using Java 16.0.2 on DESKTOP-UHBH6VD with PID 16352 (G:\ALL FOR WEB\Github\SpringbootGit\SistemInformasiPerusahaan\target\classes started by rangga in G:\ALL FOR WEB\Github\SpringbootGit\SistemInformasiPerusahaan)
2021-11-30 14:29:58,279 [restartedMain] INFO  com.rangga.perusahaan.SistemInformasiPerusahaanApplication - No active profile set, falling back to default profiles: default
2021-11-30 14:29:58,520 [restartedMain] INFO  org.springframework.data.repository.config.RepositoryConfigurationDelegate - Bootstrapping Spring Data JPA repositories in DEFAULT mode.
2021-11-30 14:29:58,529 [restartedMain] INFO  org.springframework.data.repository.config.RepositoryConfigurationDelegate - Finished Spring Data repository scanning in 8 ms. Found 1 JPA repository interfaces.
2021-11-30 14:29:58,644 [restartedMain] INFO  org.springframework.boot.web.embedded.tomcat.TomcatWebServer - Tomcat initialized with port(s): 8080 (http)
2021-11-30 14:29:58,645 [restartedMain] INFO  org.apache.coyote.http11.Http11NioProtocol - Initializing ProtocolHandler ["http-nio-8080"]
2021-11-30 14:29:58,645 [restartedMain] INFO  org.apache.catalina.core.StandardService - Starting service [Tomcat]
2021-11-30 14:29:58,646 [restartedMain] INFO  org.apache.catalina.core.StandardEngine - Starting Servlet engine: [Apache Tomcat/9.0.55]
2021-11-30 14:29:58,673 [restartedMain] INFO  org.apache.catalina.core.ContainerBase.[Tomcat].[localhost].[/] - Initializing Spring embedded WebApplicationContext
2021-11-30 14:29:58,673 [restartedMain] INFO  org.springframework.boot.web.servlet.context.ServletWebServerApplicationContext - Root WebApplicationContext: initialization completed in 381 ms
2021-11-30 14:29:58,715 [restartedMain] INFO  org.hibernate.jpa.internal.util.LogHelper - HHH000204: Processing PersistenceUnitInfo [name: default]
2021-11-30 14:29:58,720 [restartedMain] INFO  com.zaxxer.hikari.HikariDataSource - HikariPool-3 - Starting...
2021-11-30 14:29:58,724 [restartedMain] INFO  com.zaxxer.hikari.HikariDataSource - HikariPool-3 - Start completed.
2021-11-30 14:29:58,725 [restartedMain] INFO  org.hibernate.dialect.Dialect - HHH000400: Using dialect: org.hibernate.dialect.MySQL5InnoDBDialect
2021-11-30 14:29:58,752 [restartedMain] INFO  org.hibernate.engine.transaction.jta.platform.internal.JtaPlatformInitiator - HHH000490: Using JtaPlatform implementation: [org.hibernate.engine.transaction.jta.platform.internal.NoJtaPlatform]
2021-11-30 14:29:58,753 [restartedMain] INFO  org.springframework.orm.jpa.LocalContainerEntityManagerFactoryBean - Initialized JPA EntityManagerFactory for persistence unit 'default'
2021-11-30 14:29:58,858 [restartedMain] WARN  org.springframework.boot.autoconfigure.orm.jpa.JpaBaseConfiguration$JpaWebConfiguration - spring.jpa.open-in-view is enabled by default. Therefore, database queries may be performed during view rendering. Explicitly configure spring.jpa.open-in-view to disable this warning
2021-11-30 14:29:58,928 [restartedMain] WARN  org.springframework.boot.autoconfigure.thymeleaf.ThymeleafAutoConfiguration$DefaultTemplateResolverConfiguration - Cannot find template location: classpath:/templates/ (please add some templates or check your Thymeleaf configuration)
2021-11-30 14:29:58,988 [restartedMain] INFO  org.springframework.boot.devtools.autoconfigure.OptionalLiveReloadServer - LiveReload server is running on port 35729
2021-11-30 14:29:58,999 [restartedMain] INFO  org.apache.coyote.http11.Http11NioProtocol - Starting ProtocolHandler ["http-nio-8080"]
2021-11-30 14:29:59,002 [restartedMain] INFO  org.springframework.boot.web.embedded.tomcat.TomcatWebServer - Tomcat started on port(s): 8080 (http) with context path ''
2021-11-30 14:29:59,014 [restartedMain] INFO  com.rangga.perusahaan.SistemInformasiPerusahaanApplication - Started SistemInformasiPerusahaanApplication in 0.834 seconds (JVM running for 165.88)
2021-11-30 14:29:59,028 [restartedMain] INFO  org.springframework.boot.devtools.autoconfigure.ConditionEvaluationDeltaLoggingListener - Condition evaluation unchanged
2021-11-30 14:30:09,575 [Thread-11] INFO  org.springframework.orm.jpa.LocalContainerEntityManagerFactoryBean - Closing JPA EntityManagerFactory for persistence unit 'default'
2021-11-30 14:30:09,576 [Thread-11] INFO  com.zaxxer.hikari.HikariDataSource - HikariPool-3 - Shutdown initiated...
2021-11-30 14:30:09,578 [Thread-11] INFO  com.zaxxer.hikari.HikariDataSource - HikariPool-3 - Shutdown completed.
2021-11-30 14:30:09,738 [restartedMain] INFO  com.rangga.perusahaan.SistemInformasiPerusahaanApplication - Starting SistemInformasiPerusahaanApplication using Java 16.0.2 on DESKTOP-UHBH6VD with PID 16352 (G:\ALL FOR WEB\Github\SpringbootGit\SistemInformasiPerusahaan\target\classes started by rangga in G:\ALL FOR WEB\Github\SpringbootGit\SistemInformasiPerusahaan)
2021-11-30 14:30:09,755 [restartedMain] INFO  com.rangga.perusahaan.SistemInformasiPerusahaanApplication - No active profile set, falling back to default profiles: default
2021-11-30 14:30:09,951 [restartedMain] INFO  org.springframework.data.repository.config.RepositoryConfigurationDelegate - Bootstrapping Spring Data JPA repositories in DEFAULT mode.
2021-11-30 14:30:09,963 [restartedMain] INFO  org.springframework.data.repository.config.RepositoryConfigurationDelegate - Finished Spring Data repository scanning in 11 ms. Found 1 JPA repository interfaces.
2021-11-30 14:30:10,085 [restartedMain] INFO  org.springframework.boot.web.embedded.tomcat.TomcatWebServer - Tomcat initialized with port(s): 8080 (http)
2021-11-30 14:30:10,087 [restartedMain] INFO  org.apache.coyote.http11.Http11NioProtocol - Initializing ProtocolHandler ["http-nio-8080"]
2021-11-30 14:30:10,088 [restartedMain] INFO  org.apache.catalina.core.StandardService - Starting service [Tomcat]
2021-11-30 14:30:10,088 [restartedMain] INFO  org.apache.catalina.core.StandardEngine - Starting Servlet engine: [Apache Tomcat/9.0.55]
2021-11-30 14:30:10,119 [restartedMain] INFO  org.apache.catalina.core.ContainerBase.[Tomcat].[localhost].[/] - Initializing Spring embedded WebApplicationContext
2021-11-30 14:30:10,119 [restartedMain] INFO  org.springframework.boot.web.servlet.context.ServletWebServerApplicationContext - Root WebApplicationContext: initialization completed in 352 ms
2021-11-30 14:30:10,157 [restartedMain] INFO  org.hibernate.jpa.internal.util.LogHelper - HHH000204: Processing PersistenceUnitInfo [name: default]
2021-11-30 14:30:10,162 [restartedMain] INFO  com.zaxxer.hikari.HikariDataSource - HikariPool-4 - Starting...
2021-11-30 14:30:10,165 [restartedMain] INFO  com.zaxxer.hikari.HikariDataSource - HikariPool-4 - Start completed.
2021-11-30 14:30:10,165 [restartedMain] INFO  org.hibernate.dialect.Dialect - HHH000400: Using dialect: org.hibernate.dialect.MySQL5InnoDBDialect
2021-11-30 14:30:10,186 [restartedMain] INFO  org.hibernate.engine.transaction.jta.platform.internal.JtaPlatformInitiator - HHH000490: Using JtaPlatform implementation: [org.hibernate.engine.transaction.jta.platform.internal.NoJtaPlatform]
2021-11-30 14:30:10,187 [restartedMain] INFO  org.springframework.orm.jpa.LocalContainerEntityManagerFactoryBean - Initialized JPA EntityManagerFactory for persistence unit 'default'
2021-11-30 14:30:10,276 [restartedMain] WARN  org.springframework.boot.autoconfigure.orm.jpa.JpaBaseConfiguration$JpaWebConfiguration - spring.jpa.open-in-view is enabled by default. Therefore, database queries may be performed during view rendering. Explicitly configure spring.jpa.open-in-view to disable this warning
2021-11-30 14:30:10,351 [restartedMain] WARN  org.springframework.boot.autoconfigure.thymeleaf.ThymeleafAutoConfiguration$DefaultTemplateResolverConfiguration - Cannot find template location: classpath:/templates/ (please add some templates or check your Thymeleaf configuration)
2021-11-30 14:30:10,411 [restartedMain] INFO  org.springframework.boot.devtools.autoconfigure.OptionalLiveReloadServer - LiveReload server is running on port 35729
2021-11-30 14:30:10,423 [restartedMain] INFO  org.apache.coyote.http11.Http11NioProtocol - Starting ProtocolHandler ["http-nio-8080"]
2021-11-30 14:30:10,427 [restartedMain] INFO  org.springframework.boot.web.embedded.tomcat.TomcatWebServer - Tomcat started on port(s): 8080 (http) with context path ''
2021-11-30 14:30:10,436 [restartedMain] INFO  com.rangga.perusahaan.SistemInformasiPerusahaanApplication - Started SistemInformasiPerusahaanApplication in 0.793 seconds (JVM running for 177.301)
2021-11-30 14:30:10,452 [restartedMain] INFO  org.springframework.boot.devtools.autoconfigure.ConditionEvaluationDeltaLoggingListener - Condition evaluation unchanged
2021-11-30 14:30:52,084 [Thread-15] INFO  org.springframework.orm.jpa.LocalContainerEntityManagerFactoryBean - Closing JPA EntityManagerFactory for persistence unit 'default'
2021-11-30 14:30:52,085 [Thread-15] INFO  com.zaxxer.hikari.HikariDataSource - HikariPool-4 - Shutdown initiated...
2021-11-30 14:30:52,087 [Thread-15] INFO  com.zaxxer.hikari.HikariDataSource - HikariPool-4 - Shutdown completed.
2021-11-30 14:30:52,224 [restartedMain] INFO  com.rangga.perusahaan.SistemInformasiPerusahaanApplication - Starting SistemInformasiPerusahaanApplication using Java 16.0.2 on DESKTOP-UHBH6VD with PID 16352 (G:\ALL FOR WEB\Github\SpringbootGit\SistemInformasiPerusahaan\target\classes started by rangga in G:\ALL FOR WEB\Github\SpringbootGit\SistemInformasiPerusahaan)
2021-11-30 14:30:52,237 [restartedMain] INFO  com.rangga.perusahaan.SistemInformasiPerusahaanApplication - No active profile set, falling back to default profiles: default
2021-11-30 14:30:52,487 [restartedMain] INFO  org.springframework.data.repository.config.RepositoryConfigurationDelegate - Bootstrapping Spring Data JPA repositories in DEFAULT mode.
2021-11-30 14:30:52,494 [restartedMain] INFO  org.springframework.data.repository.config.RepositoryConfigurationDelegate - Finished Spring Data repository scanning in 6 ms. Found 1 JPA repository interfaces.
2021-11-30 14:30:52,597 [restartedMain] INFO  org.springframework.boot.web.embedded.tomcat.TomcatWebServer - Tomcat initialized with port(s): 8080 (http)
2021-11-30 14:30:52,598 [restartedMain] INFO  org.apache.coyote.http11.Http11NioProtocol - Initializing ProtocolHandler ["http-nio-8080"]
2021-11-30 14:30:52,599 [restartedMain] INFO  org.apache.catalina.core.StandardService - Starting service [Tomcat]
2021-11-30 14:30:52,599 [restartedMain] INFO  org.apache.catalina.core.StandardEngine - Starting Servlet engine: [Apache Tomcat/9.0.55]
2021-11-30 14:30:52,633 [restartedMain] INFO  org.apache.catalina.core.ContainerBase.[Tomcat].[localhost].[/] - Initializing Spring embedded WebApplicationContext
2021-11-30 14:30:52,634 [restartedMain] INFO  org.springframework.boot.web.servlet.context.ServletWebServerApplicationContext - Root WebApplicationContext: initialization completed in 382 ms
2021-11-30 14:30:52,676 [restartedMain] INFO  org.hibernate.jpa.internal.util.LogHelper - HHH000204: Processing PersistenceUnitInfo [name: default]
2021-11-30 14:30:52,682 [restartedMain] INFO  com.zaxxer.hikari.HikariDataSource - HikariPool-5 - Starting...
2021-11-30 14:30:52,686 [restartedMain] INFO  com.zaxxer.hikari.HikariDataSource - HikariPool-5 - Start completed.
2021-11-30 14:30:52,686 [restartedMain] INFO  org.hibernate.dialect.Dialect - HHH000400: Using dialect: org.hibernate.dialect.MySQL5InnoDBDialect
2021-11-30 14:30:52,714 [restartedMain] INFO  org.hibernate.engine.transaction.jta.platform.internal.JtaPlatformInitiator - HHH000490: Using JtaPlatform implementation: [org.hibernate.engine.transaction.jta.platform.internal.NoJtaPlatform]
2021-11-30 14:30:52,715 [restartedMain] INFO  org.springframework.orm.jpa.LocalContainerEntityManagerFactoryBean - Initialized JPA EntityManagerFactory for persistence unit 'default'
2021-11-30 14:30:52,838 [restartedMain] WARN  org.springframework.boot.autoconfigure.orm.jpa.JpaBaseConfiguration$JpaWebConfiguration - spring.jpa.open-in-view is enabled by default. Therefore, database queries may be performed during view rendering. Explicitly configure spring.jpa.open-in-view to disable this warning
2021-11-30 14:30:52,909 [restartedMain] WARN  org.springframework.boot.autoconfigure.thymeleaf.ThymeleafAutoConfiguration$DefaultTemplateResolverConfiguration - Cannot find template location: classpath:/templates/ (please add some templates or check your Thymeleaf configuration)
2021-11-30 14:30:52,936 [restartedMain] INFO  org.springframework.boot.devtools.autoconfigure.OptionalLiveReloadServer - LiveReload server is running on port 35729
2021-11-30 14:30:52,946 [restartedMain] INFO  org.apache.coyote.http11.Http11NioProtocol - Starting ProtocolHandler ["http-nio-8080"]
2021-11-30 14:30:52,950 [restartedMain] INFO  org.springframework.boot.web.embedded.tomcat.TomcatWebServer - Tomcat started on port(s): 8080 (http) with context path ''
2021-11-30 14:30:52,956 [restartedMain] INFO  com.rangga.perusahaan.SistemInformasiPerusahaanApplication - Started SistemInformasiPerusahaanApplication in 0.809 seconds (JVM running for 219.821)
2021-11-30 14:30:52,977 [restartedMain] INFO  org.springframework.boot.devtools.autoconfigure.ConditionEvaluationDeltaLoggingListener - Condition evaluation unchanged
2021-11-30 14:31:04,763 [http-nio-8080-exec-2] INFO  org.apache.catalina.core.ContainerBase.[Tomcat].[localhost].[/] - Initializing Spring DispatcherServlet 'dispatcherServlet'
2021-11-30 14:31:04,763 [http-nio-8080-exec-2] INFO  org.springframework.web.servlet.DispatcherServlet - Initializing Servlet 'dispatcherServlet'
2021-11-30 14:31:04,764 [http-nio-8080-exec-2] INFO  org.springframework.web.servlet.DispatcherServlet - Completed initialization in 1 ms
2021-11-30 14:31:04,796 [http-nio-8080-exec-2] INFO  com.rangga.perusahaan.controllers.KaryawanController - Data Berhasil Diambil
2021-11-30 14:31:32,487 [http-nio-8080-exec-3] INFO  com.rangga.perusahaan.controllers.KaryawanController - Data Berhasil Ditambahkan
2021-11-30 14:31:43,205 [http-nio-8080-exec-4] INFO  com.rangga.perusahaan.controllers.KaryawanController - Data Berhasil Dihapus
2021-11-30 14:34:47,051 [Thread-19] INFO  org.springframework.orm.jpa.LocalContainerEntityManagerFactoryBean - Closing JPA EntityManagerFactory for persistence unit 'default'
2021-11-30 14:34:47,052 [Thread-19] INFO  com.zaxxer.hikari.HikariDataSource - HikariPool-5 - Shutdown initiated...
2021-11-30 14:34:47,054 [Thread-19] INFO  com.zaxxer.hikari.HikariDataSource - HikariPool-5 - Shutdown completed.
2021-11-30 14:34:47,182 [restartedMain] INFO  com.rangga.perusahaan.SistemInformasiPerusahaanApplication - Starting SistemInformasiPerusahaanApplication using Java 16.0.2 on DESKTOP-UHBH6VD with PID 16352 (G:\ALL FOR WEB\Github\SpringbootGit\SistemInformasiPerusahaan\target\classes started by rangga in G:\ALL FOR WEB\Github\SpringbootGit\SistemInformasiPerusahaan)
2021-11-30 14:34:47,196 [restartedMain] INFO  com.rangga.perusahaan.SistemInformasiPerusahaanApplication - No active profile set, falling back to default profiles: default
2021-11-30 14:34:47,383 [restartedMain] INFO  org.springframework.data.repository.config.RepositoryConfigurationDelegate - Bootstrapping Spring Data JPA repositories in DEFAULT mode.
2021-11-30 14:34:47,390 [restartedMain] INFO  org.springframework.data.repository.config.RepositoryConfigurationDelegate - Finished Spring Data repository scanning in 7 ms. Found 1 JPA repository interfaces.
2021-11-30 14:34:47,506 [restartedMain] INFO  org.springframework.boot.web.embedded.tomcat.TomcatWebServer - Tomcat initialized with port(s): 8080 (http)
2021-11-30 14:34:47,507 [restartedMain] INFO  org.apache.coyote.http11.Http11NioProtocol - Initializing ProtocolHandler ["http-nio-8080"]
2021-11-30 14:34:47,508 [restartedMain] INFO  org.apache.catalina.core.StandardService - Starting service [Tomcat]
2021-11-30 14:34:47,508 [restartedMain] INFO  org.apache.catalina.core.StandardEngine - Starting Servlet engine: [Apache Tomcat/9.0.55]
2021-11-30 14:34:47,540 [restartedMain] INFO  org.apache.catalina.core.ContainerBase.[Tomcat].[localhost].[/] - Initializing Spring embedded WebApplicationContext
2021-11-30 14:34:47,540 [restartedMain] INFO  org.springframework.boot.web.servlet.context.ServletWebServerApplicationContext - Root WebApplicationContext: initialization completed in 333 ms
2021-11-30 14:34:47,589 [restartedMain] INFO  org.hibernate.jpa.internal.util.LogHelper - HHH000204: Processing PersistenceUnitInfo [name: default]
2021-11-30 14:34:47,594 [restartedMain] INFO  com.zaxxer.hikari.HikariDataSource - HikariPool-6 - Starting...
2021-11-30 14:34:47,597 [restartedMain] INFO  com.zaxxer.hikari.HikariDataSource - HikariPool-6 - Start completed.
2021-11-30 14:34:47,598 [restartedMain] INFO  org.hibernate.dialect.Dialect - HHH000400: Using dialect: org.hibernate.dialect.MySQL5InnoDBDialect
2021-11-30 14:34:47,620 [restartedMain] INFO  org.hibernate.engine.transaction.jta.platform.internal.JtaPlatformInitiator - HHH000490: Using JtaPlatform implementation: [org.hibernate.engine.transaction.jta.platform.internal.NoJtaPlatform]
2021-11-30 14:34:47,621 [restartedMain] INFO  org.springframework.orm.jpa.LocalContainerEntityManagerFactoryBean - Initialized JPA EntityManagerFactory for persistence unit 'default'
2021-11-30 14:34:47,704 [restartedMain] WARN  org.springframework.boot.autoconfigure.orm.jpa.JpaBaseConfiguration$JpaWebConfiguration - spring.jpa.open-in-view is enabled by default. Therefore, database queries may be performed during view rendering. Explicitly configure spring.jpa.open-in-view to disable this warning
2021-11-30 14:34:47,776 [restartedMain] WARN  org.springframework.boot.autoconfigure.thymeleaf.ThymeleafAutoConfiguration$DefaultTemplateResolverConfiguration - Cannot find template location: classpath:/templates/ (please add some templates or check your Thymeleaf configuration)
2021-11-30 14:34:47,804 [restartedMain] INFO  org.springframework.boot.devtools.autoconfigure.OptionalLiveReloadServer - LiveReload server is running on port 35729
2021-11-30 14:34:47,815 [restartedMain] INFO  org.apache.coyote.http11.Http11NioProtocol - Starting ProtocolHandler ["http-nio-8080"]
2021-11-30 14:34:47,818 [restartedMain] INFO  org.springframework.boot.web.embedded.tomcat.TomcatWebServer - Tomcat started on port(s): 8080 (http) with context path ''
2021-11-30 14:34:47,825 [restartedMain] INFO  com.rangga.perusahaan.SistemInformasiPerusahaanApplication - Started SistemInformasiPerusahaanApplication in 0.706 seconds (JVM running for 454.69)
2021-11-30 14:34:47,840 [restartedMain] INFO  org.springframework.boot.devtools.autoconfigure.ConditionEvaluationDeltaLoggingListener - Condition evaluation unchanged
2021-11-30 14:35:16,657 [Thread-23] INFO  org.springframework.orm.jpa.LocalContainerEntityManagerFactoryBean - Closing JPA EntityManagerFactory for persistence unit 'default'
2021-11-30 14:35:16,658 [Thread-23] INFO  com.zaxxer.hikari.HikariDataSource - HikariPool-6 - Shutdown initiated...
2021-11-30 14:35:16,660 [Thread-23] INFO  com.zaxxer.hikari.HikariDataSource - HikariPool-6 - Shutdown completed.
2021-11-30 14:35:16,824 [restartedMain] INFO  com.rangga.perusahaan.SistemInformasiPerusahaanApplication - Starting SistemInformasiPerusahaanApplication using Java 16.0.2 on DESKTOP-UHBH6VD with PID 16352 (G:\ALL FOR WEB\Github\SpringbootGit\SistemInformasiPerusahaan\target\classes started by rangga in G:\ALL FOR WEB\Github\SpringbootGit\SistemInformasiPerusahaan)
2021-11-30 14:35:16,841 [restartedMain] INFO  com.rangga.perusahaan.SistemInformasiPerusahaanApplication - No active profile set, falling back to default profiles: default
2021-11-30 14:35:17,042 [restartedMain] INFO  org.springframework.data.repository.config.RepositoryConfigurationDelegate - Bootstrapping Spring Data JPA repositories in DEFAULT mode.
2021-11-30 14:35:17,049 [restartedMain] INFO  org.springframework.data.repository.config.RepositoryConfigurationDelegate - Finished Spring Data repository scanning in 6 ms. Found 1 JPA repository interfaces.
2021-11-30 14:35:17,147 [restartedMain] INFO  org.springframework.boot.web.embedded.tomcat.TomcatWebServer - Tomcat initialized with port(s): 8080 (http)
2021-11-30 14:35:17,149 [restartedMain] INFO  org.apache.coyote.http11.Http11NioProtocol - Initializing ProtocolHandler ["http-nio-8080"]
2021-11-30 14:35:17,149 [restartedMain] INFO  org.apache.catalina.core.StandardService - Starting service [Tomcat]
2021-11-30 14:35:17,150 [restartedMain] INFO  org.apache.catalina.core.StandardEngine - Starting Servlet engine: [Apache Tomcat/9.0.55]
2021-11-30 14:35:17,190 [restartedMain] INFO  org.apache.catalina.core.ContainerBase.[Tomcat].[localhost].[/] - Initializing Spring embedded WebApplicationContext
2021-11-30 14:35:17,191 [restartedMain] INFO  org.springframework.boot.web.servlet.context.ServletWebServerApplicationContext - Root WebApplicationContext: initialization completed in 338 ms
2021-11-30 14:35:17,233 [restartedMain] INFO  org.hibernate.jpa.internal.util.LogHelper - HHH000204: Processing PersistenceUnitInfo [name: default]
2021-11-30 14:35:17,242 [restartedMain] INFO  com.zaxxer.hikari.HikariDataSource - HikariPool-7 - Starting...
2021-11-30 14:35:17,247 [restartedMain] INFO  com.zaxxer.hikari.HikariDataSource - HikariPool-7 - Start completed.
2021-11-30 14:35:17,249 [restartedMain] INFO  org.hibernate.dialect.Dialect - HHH000400: Using dialect: org.hibernate.dialect.MySQL5InnoDBDialect
2021-11-30 14:35:17,291 [restartedMain] INFO  org.hibernate.engine.transaction.jta.platform.internal.JtaPlatformInitiator - HHH000490: Using JtaPlatform implementation: [org.hibernate.engine.transaction.jta.platform.internal.NoJtaPlatform]
2021-11-30 14:35:17,292 [restartedMain] INFO  org.springframework.orm.jpa.LocalContainerEntityManagerFactoryBean - Initialized JPA EntityManagerFactory for persistence unit 'default'
2021-11-30 14:35:17,465 [restartedMain] WARN  org.springframework.boot.autoconfigure.orm.jpa.JpaBaseConfiguration$JpaWebConfiguration - spring.jpa.open-in-view is enabled by default. Therefore, database queries may be performed during view rendering. Explicitly configure spring.jpa.open-in-view to disable this warning
2021-11-30 14:35:17,552 [restartedMain] WARN  org.springframework.boot.autoconfigure.thymeleaf.ThymeleafAutoConfiguration$DefaultTemplateResolverConfiguration - Cannot find template location: classpath:/templates/ (please add some templates or check your Thymeleaf configuration)
2021-11-30 14:35:17,587 [restartedMain] INFO  org.springframework.boot.devtools.autoconfigure.OptionalLiveReloadServer - LiveReload server is running on port 35729
2021-11-30 14:35:17,597 [restartedMain] INFO  org.apache.coyote.http11.Http11NioProtocol - Starting ProtocolHandler ["http-nio-8080"]
2021-11-30 14:35:17,601 [restartedMain] INFO  org.springframework.boot.web.embedded.tomcat.TomcatWebServer - Tomcat started on port(s): 8080 (http) with context path ''
2021-11-30 14:35:17,615 [restartedMain] INFO  com.rangga.perusahaan.SistemInformasiPerusahaanApplication - Started SistemInformasiPerusahaanApplication in 0.882 seconds (JVM running for 484.481)
2021-11-30 14:35:17,628 [restartedMain] INFO  org.springframework.boot.devtools.autoconfigure.ConditionEvaluationDeltaLoggingListener - Condition evaluation unchanged
2021-11-30 14:35:37,307 [Thread-27] INFO  org.springframework.orm.jpa.LocalContainerEntityManagerFactoryBean - Closing JPA EntityManagerFactory for persistence unit 'default'
2021-11-30 14:35:37,308 [Thread-27] INFO  com.zaxxer.hikari.HikariDataSource - HikariPool-7 - Shutdown initiated...
2021-11-30 14:35:37,311 [Thread-27] INFO  com.zaxxer.hikari.HikariDataSource - HikariPool-7 - Shutdown completed.
2021-11-30 14:35:37,440 [restartedMain] INFO  com.rangga.perusahaan.SistemInformasiPerusahaanApplication - Starting SistemInformasiPerusahaanApplication using Java 16.0.2 on DESKTOP-UHBH6VD with PID 16352 (G:\ALL FOR WEB\Github\SpringbootGit\SistemInformasiPerusahaan\target\classes started by rangga in G:\ALL FOR WEB\Github\SpringbootGit\SistemInformasiPerusahaan)
2021-11-30 14:35:37,452 [restartedMain] INFO  com.rangga.perusahaan.SistemInformasiPerusahaanApplication - No active profile set, falling back to default profiles: default
2021-11-30 14:35:37,691 [restartedMain] INFO  org.springframework.data.repository.config.RepositoryConfigurationDelegate - Bootstrapping Spring Data JPA repositories in DEFAULT mode.
2021-11-30 14:35:37,699 [restartedMain] INFO  org.springframework.data.repository.config.RepositoryConfigurationDelegate - Finished Spring Data repository scanning in 7 ms. Found 1 JPA repository interfaces.
2021-11-30 14:35:37,814 [restartedMain] INFO  org.springframework.boot.web.embedded.tomcat.TomcatWebServer - Tomcat initialized with port(s): 8080 (http)
2021-11-30 14:35:37,815 [restartedMain] INFO  org.apache.coyote.http11.Http11NioProtocol - Initializing ProtocolHandler ["http-nio-8080"]
2021-11-30 14:35:37,815 [restartedMain] INFO  org.apache.catalina.core.StandardService - Starting service [Tomcat]
2021-11-30 14:35:37,816 [restartedMain] INFO  org.apache.catalina.core.StandardEngine - Starting Servlet engine: [Apache Tomcat/9.0.55]
2021-11-30 14:35:37,849 [restartedMain] INFO  org.apache.catalina.core.ContainerBase.[Tomcat].[localhost].[/] - Initializing Spring embedded WebApplicationContext
2021-11-30 14:35:37,850 [restartedMain] INFO  org.springframework.boot.web.servlet.context.ServletWebServerApplicationContext - Root WebApplicationContext: initialization completed in 383 ms
2021-11-30 14:35:37,887 [restartedMain] INFO  org.hibernate.jpa.internal.util.LogHelper - HHH000204: Processing PersistenceUnitInfo [name: default]
2021-11-30 14:35:37,892 [restartedMain] INFO  com.zaxxer.hikari.HikariDataSource - HikariPool-8 - Starting...
2021-11-30 14:35:37,896 [restartedMain] INFO  com.zaxxer.hikari.HikariDataSource - HikariPool-8 - Start completed.
2021-11-30 14:35:37,896 [restartedMain] INFO  org.hibernate.dialect.Dialect - HHH000400: Using dialect: org.hibernate.dialect.MySQL5InnoDBDialect
2021-11-30 14:35:37,919 [restartedMain] INFO  org.hibernate.engine.transaction.jta.platform.internal.JtaPlatformInitiator - HHH000490: Using JtaPlatform implementation: [org.hibernate.engine.transaction.jta.platform.internal.NoJtaPlatform]
2021-11-30 14:35:37,919 [restartedMain] INFO  org.springframework.orm.jpa.LocalContainerEntityManagerFactoryBean - Initialized JPA EntityManagerFactory for persistence unit 'default'
2021-11-30 14:35:38,001 [restartedMain] WARN  org.springframework.boot.autoconfigure.orm.jpa.JpaBaseConfiguration$JpaWebConfiguration - spring.jpa.open-in-view is enabled by default. Therefore, database queries may be performed during view rendering. Explicitly configure spring.jpa.open-in-view to disable this warning
2021-11-30 14:35:38,074 [restartedMain] WARN  org.springframework.boot.autoconfigure.thymeleaf.ThymeleafAutoConfiguration$DefaultTemplateResolverConfiguration - Cannot find template location: classpath:/templates/ (please add some templates or check your Thymeleaf configuration)
2021-11-30 14:35:38,101 [restartedMain] INFO  org.springframework.boot.devtools.autoconfigure.OptionalLiveReloadServer - LiveReload server is running on port 35729
2021-11-30 14:35:38,110 [restartedMain] INFO  org.apache.coyote.http11.Http11NioProtocol - Starting ProtocolHandler ["http-nio-8080"]
2021-11-30 14:35:38,113 [restartedMain] INFO  org.springframework.boot.web.embedded.tomcat.TomcatWebServer - Tomcat started on port(s): 8080 (http) with context path ''
2021-11-30 14:35:38,120 [restartedMain] INFO  com.rangga.perusahaan.SistemInformasiPerusahaanApplication - Started SistemInformasiPerusahaanApplication in 0.741 seconds (JVM running for 504.985)
2021-11-30 14:35:38,135 [restartedMain] INFO  org.springframework.boot.devtools.autoconfigure.ConditionEvaluationDeltaLoggingListener - Condition evaluation unchanged
2021-11-30 14:35:40,932 [RMI TCP Connection(28)-127.0.0.1] INFO  org.springframework.boot.admin.SpringApplicationAdminMXBeanRegistrar$SpringApplicationAdmin - Application shutdown requested.
2021-11-30 14:35:40,953 [RMI TCP Connection(28)-127.0.0.1] INFO  org.springframework.orm.jpa.LocalContainerEntityManagerFactoryBean - Closing JPA EntityManagerFactory for persistence unit 'default'
2021-11-30 14:35:40,954 [RMI TCP Connection(28)-127.0.0.1] INFO  com.zaxxer.hikari.HikariDataSource - HikariPool-8 - Shutdown initiated...
2021-11-30 14:35:40,956 [RMI TCP Connection(28)-127.0.0.1] INFO  com.zaxxer.hikari.HikariDataSource - HikariPool-8 - Shutdown completed.
2021-11-30 14:35:50,962 [restartedMain] INFO  com.rangga.perusahaan.SistemInformasiPerusahaanApplication - Starting SistemInformasiPerusahaanApplication using Java 16.0.2 on DESKTOP-UHBH6VD with PID 9072 (G:\ALL FOR WEB\Github\SpringbootGit\SistemInformasiPerusahaan\target\classes started by rangga in G:\ALL FOR WEB\Github\SpringbootGit\SistemInformasiPerusahaan)
2021-11-30 14:35:51,432 [restartedMain] INFO  com.rangga.perusahaan.SistemInformasiPerusahaanApplication - No active profile set, falling back to default profiles: default
2021-11-30 14:35:51,541 [restartedMain] INFO  org.springframework.boot.devtools.env.DevToolsPropertyDefaultsPostProcessor - Devtools property defaults active! Set 'spring.devtools.add-properties' to 'false' to disable
2021-11-30 14:35:51,542 [restartedMain] INFO  org.springframework.boot.devtools.env.DevToolsPropertyDefaultsPostProcessor - For additional web related logging consider setting the 'logging.level.web' property to 'DEBUG'
2021-11-30 14:35:52,551 [restartedMain] INFO  org.springframework.data.repository.config.RepositoryConfigurationDelegate - Bootstrapping Spring Data JPA repositories in DEFAULT mode.
2021-11-30 14:35:52,618 [restartedMain] INFO  org.springframework.data.repository.config.RepositoryConfigurationDelegate - Finished Spring Data repository scanning in 53 ms. Found 1 JPA repository interfaces.
2021-11-30 14:35:53,479 [restartedMain] INFO  org.springframework.boot.web.embedded.tomcat.TomcatWebServer - Tomcat initialized with port(s): 8080 (http)
2021-11-30 14:35:53,492 [restartedMain] INFO  org.apache.coyote.http11.Http11NioProtocol - Initializing ProtocolHandler ["http-nio-8080"]
2021-11-30 14:35:53,493 [restartedMain] INFO  org.apache.catalina.core.StandardService - Starting service [Tomcat]
2021-11-30 14:35:53,493 [restartedMain] INFO  org.apache.catalina.core.StandardEngine - Starting Servlet engine: [Apache Tomcat/9.0.55]
2021-11-30 14:35:53,605 [restartedMain] INFO  org.apache.catalina.core.ContainerBase.[Tomcat].[localhost].[/] - Initializing Spring embedded WebApplicationContext
2021-11-30 14:35:53,606 [restartedMain] INFO  org.springframework.boot.web.servlet.context.ServletWebServerApplicationContext - Root WebApplicationContext: initialization completed in 2063 ms
2021-11-30 14:35:53,837 [restartedMain] INFO  org.hibernate.jpa.internal.util.LogHelper - HHH000204: Processing PersistenceUnitInfo [name: default]
2021-11-30 14:35:53,908 [restartedMain] INFO  org.hibernate.Version - HHH000412: Hibernate ORM core version 5.6.1.Final
2021-11-30 14:35:54,142 [restartedMain] INFO  org.hibernate.annotations.common.Version - HCANN000001: Hibernate Commons Annotations {5.1.2.Final}
2021-11-30 14:35:54,324 [restartedMain] INFO  com.zaxxer.hikari.HikariDataSource - HikariPool-1 - Starting...
2021-11-30 14:35:54,341 [restartedMain] INFO  com.zaxxer.hikari.HikariDataSource - HikariPool-1 - Start completed.
2021-11-30 14:35:54,361 [restartedMain] INFO  org.hibernate.dialect.Dialect - HHH000400: Using dialect: org.hibernate.dialect.MySQL5InnoDBDialect
2021-11-30 14:35:55,154 [restartedMain] INFO  org.hibernate.engine.transaction.jta.platform.internal.JtaPlatformInitiator - HHH000490: Using JtaPlatform implementation: [org.hibernate.engine.transaction.jta.platform.internal.NoJtaPlatform]
2021-11-30 14:35:55,166 [restartedMain] INFO  org.springframework.orm.jpa.LocalContainerEntityManagerFactoryBean - Initialized JPA EntityManagerFactory for persistence unit 'default'
2021-11-30 14:35:55,676 [restartedMain] WARN  org.springframework.boot.autoconfigure.orm.jpa.JpaBaseConfiguration$JpaWebConfiguration - spring.jpa.open-in-view is enabled by default. Therefore, database queries may be performed during view rendering. Explicitly configure spring.jpa.open-in-view to disable this warning
2021-11-30 14:35:56,077 [restartedMain] WARN  org.springframework.boot.autoconfigure.thymeleaf.ThymeleafAutoConfiguration$DefaultTemplateResolverConfiguration - Cannot find template location: classpath:/templates/ (please add some templates or check your Thymeleaf configuration)
2021-11-30 14:35:56,209 [restartedMain] INFO  org.springframework.boot.devtools.autoconfigure.OptionalLiveReloadServer - LiveReload server is running on port 35729
2021-11-30 14:35:56,231 [restartedMain] INFO  org.apache.coyote.http11.Http11NioProtocol - Starting ProtocolHandler ["http-nio-8080"]
2021-11-30 14:35:56,314 [restartedMain] INFO  org.springframework.boot.web.embedded.tomcat.TomcatWebServer - Tomcat started on port(s): 8080 (http) with context path ''
2021-11-30 14:35:56,329 [restartedMain] INFO  com.rangga.perusahaan.SistemInformasiPerusahaanApplication - Started SistemInformasiPerusahaanApplication in 6.004 seconds (JVM running for 8.006)
2021-11-30 14:36:04,949 [RMI TCP Connection(7)-127.0.0.1] INFO  org.springframework.boot.admin.SpringApplicationAdminMXBeanRegistrar$SpringApplicationAdmin - Application shutdown requested.
2021-11-30 14:36:04,977 [RMI TCP Connection(7)-127.0.0.1] INFO  org.springframework.orm.jpa.LocalContainerEntityManagerFactoryBean - Closing JPA EntityManagerFactory for persistence unit 'default'
2021-11-30 14:36:04,982 [RMI TCP Connection(7)-127.0.0.1] INFO  com.zaxxer.hikari.HikariDataSource - HikariPool-1 - Shutdown initiated...
2021-11-30 14:36:04,985 [RMI TCP Connection(7)-127.0.0.1] INFO  com.zaxxer.hikari.HikariDataSource - HikariPool-1 - Shutdown completed.
2021-11-30 14:36:17,793 [restartedMain] INFO  com.rangga.perusahaan.SistemInformasiPerusahaanApplication - Starting SistemInformasiPerusahaanApplication using Java 16.0.2 on DESKTOP-UHBH6VD with PID 15732 (G:\ALL FOR WEB\Github\SpringbootGit\SistemInformasiPerusahaan\target\classes started by rangga in G:\ALL FOR WEB\Github\SpringbootGit\SistemInformasiPerusahaan)
2021-11-30 14:36:18,671 [restartedMain] INFO  com.rangga.perusahaan.SistemInformasiPerusahaanApplication - No active profile set, falling back to default profiles: default
2021-11-30 14:36:18,760 [restartedMain] INFO  org.springframework.boot.devtools.env.DevToolsPropertyDefaultsPostProcessor - Devtools property defaults active! Set 'spring.devtools.add-properties' to 'false' to disable
2021-11-30 14:36:18,761 [restartedMain] INFO  org.springframework.boot.devtools.env.DevToolsPropertyDefaultsPostProcessor - For additional web related logging consider setting the 'logging.level.web' property to 'DEBUG'
2021-11-30 14:36:19,682 [restartedMain] INFO  org.springframework.data.repository.config.RepositoryConfigurationDelegate - Bootstrapping Spring Data JPA repositories in DEFAULT mode.
2021-11-30 14:36:19,758 [restartedMain] INFO  org.springframework.data.repository.config.RepositoryConfigurationDelegate - Finished Spring Data repository scanning in 60 ms. Found 1 JPA repository interfaces.
2021-11-30 14:36:20,623 [restartedMain] INFO  org.springframework.boot.web.embedded.tomcat.TomcatWebServer - Tomcat initialized with port(s): 8080 (http)
2021-11-30 14:36:20,639 [restartedMain] INFO  org.apache.coyote.http11.Http11NioProtocol - Initializing ProtocolHandler ["http-nio-8080"]
2021-11-30 14:36:20,641 [restartedMain] INFO  org.apache.catalina.core.StandardService - Starting service [Tomcat]
2021-11-30 14:36:20,641 [restartedMain] INFO  org.apache.catalina.core.StandardEngine - Starting Servlet engine: [Apache Tomcat/9.0.55]
2021-11-30 14:36:20,761 [restartedMain] INFO  org.apache.catalina.core.ContainerBase.[Tomcat].[localhost].[/] - Initializing Spring embedded WebApplicationContext
2021-11-30 14:36:20,761 [restartedMain] INFO  org.springframework.boot.web.servlet.context.ServletWebServerApplicationContext - Root WebApplicationContext: initialization completed in 1998 ms
2021-11-30 14:36:20,949 [restartedMain] INFO  org.hibernate.jpa.internal.util.LogHelper - HHH000204: Processing PersistenceUnitInfo [name: default]
2021-11-30 14:36:21,065 [restartedMain] INFO  org.hibernate.Version - HHH000412: Hibernate ORM core version 5.6.1.Final
2021-11-30 14:36:21,299 [restartedMain] INFO  org.hibernate.annotations.common.Version - HCANN000001: Hibernate Commons Annotations {5.1.2.Final}
2021-11-30 14:36:21,452 [restartedMain] INFO  com.zaxxer.hikari.HikariDataSource - HikariPool-1 - Starting...
2021-11-30 14:36:21,477 [restartedMain] INFO  com.zaxxer.hikari.HikariDataSource - HikariPool-1 - Start completed.
2021-11-30 14:36:21,504 [restartedMain] INFO  org.hibernate.dialect.Dialect - HHH000400: Using dialect: org.hibernate.dialect.MySQL5InnoDBDialect
2021-11-30 14:36:22,232 [restartedMain] INFO  org.hibernate.engine.transaction.jta.platform.internal.JtaPlatformInitiator - HHH000490: Using JtaPlatform implementation: [org.hibernate.engine.transaction.jta.platform.internal.NoJtaPlatform]
2021-11-30 14:36:22,245 [restartedMain] INFO  org.springframework.orm.jpa.LocalContainerEntityManagerFactoryBean - Initialized JPA EntityManagerFactory for persistence unit 'default'
2021-11-30 14:36:22,751 [restartedMain] WARN  org.springframework.boot.autoconfigure.orm.jpa.JpaBaseConfiguration$JpaWebConfiguration - spring.jpa.open-in-view is enabled by default. Therefore, database queries may be performed during view rendering. Explicitly configure spring.jpa.open-in-view to disable this warning
2021-11-30 14:36:23,083 [restartedMain] WARN  org.springframework.boot.autoconfigure.thymeleaf.ThymeleafAutoConfiguration$DefaultTemplateResolverConfiguration - Cannot find template location: classpath:/templates/ (please add some templates or check your Thymeleaf configuration)
2021-11-30 14:36:23,237 [restartedMain] INFO  org.springframework.boot.devtools.autoconfigure.OptionalLiveReloadServer - LiveReload server is running on port 35729
2021-11-30 14:36:23,257 [restartedMain] INFO  org.apache.coyote.http11.Http11NioProtocol - Starting ProtocolHandler ["http-nio-8080"]
2021-11-30 14:36:23,312 [restartedMain] INFO  org.springframework.boot.web.embedded.tomcat.TomcatWebServer - Tomcat started on port(s): 8080 (http) with context path ''
2021-11-30 14:36:23,325 [restartedMain] INFO  com.rangga.perusahaan.SistemInformasiPerusahaanApplication - Started SistemInformasiPerusahaanApplication in 6.077 seconds (JVM running for 8.182)
2021-11-30 14:37:40,807 [http-nio-8080-exec-1] INFO  org.apache.catalina.core.ContainerBase.[Tomcat].[localhost].[/] - Initializing Spring DispatcherServlet 'dispatcherServlet'
2021-11-30 14:37:40,808 [http-nio-8080-exec-1] INFO  org.springframework.web.servlet.DispatcherServlet - Initializing Servlet 'dispatcherServlet'
2021-11-30 14:37:40,810 [http-nio-8080-exec-1] INFO  org.springframework.web.servlet.DispatcherServlet - Completed initialization in 2 ms
2021-11-30 14:37:40,845 [http-nio-8080-exec-1] INFO  com.rangga.perusahaan.controllers.KaryawanController - Data Berhasil Diambil
2021-11-30 16:59:54,574 [RMI TCP Connection(152)-127.0.0.1] INFO  org.springframework.boot.admin.SpringApplicationAdminMXBeanRegistrar$SpringApplicationAdmin - Application shutdown requested.
2021-11-30 16:59:55,181 [RMI TCP Connection(152)-127.0.0.1] INFO  org.springframework.orm.jpa.LocalContainerEntityManagerFactoryBean - Closing JPA EntityManagerFactory for persistence unit 'default'
2021-11-30 16:59:55,240 [RMI TCP Connection(152)-127.0.0.1] INFO  com.zaxxer.hikari.HikariDataSource - HikariPool-1 - Shutdown initiated...
2021-11-30 16:59:55,258 [RMI TCP Connection(152)-127.0.0.1] INFO  com.zaxxer.hikari.HikariDataSource - HikariPool-1 - Shutdown completed.
